0 info it worked if it ends with ok
1 verbose cli [ '/usr/bin/node', '/usr/bin/npm', 'run', 'build' ]
2 info using npm@3.5.2
3 info using node@v8.10.0
4 verbose run-script [ 'prebuild', 'build', 'postbuild' ]
5 info lifecycle @bizcharts/scaffold-monitor-linecharts@0.0.3~prebuild: @bizcharts/scaffold-monitor-linecharts@0.0.3
6 silly lifecycle @bizcharts/scaffold-monitor-linecharts@0.0.3~prebuild: no script for prebuild, continuing
7 info lifecycle @bizcharts/scaffold-monitor-linecharts@0.0.3~build: @bizcharts/scaffold-monitor-linecharts@0.0.3
8 verbose lifecycle @bizcharts/scaffold-monitor-linecharts@0.0.3~build: unsafe-perm in lifecycle true
9 verbose lifecycle @bizcharts/scaffold-monitor-linecharts@0.0.3~build: PATH: /usr/share/npm/bin/node-gyp-bin:/opt/work/BizCharts/scaffolds/scaffold-monitor-linecharts/node_modules/.bin:/usr/local/lib/node_modules/npm/bin/node-gyp-bin:/opt/work/BizCharts/scaffolds/scaffold-monitor-linecharts/node_modules/.bin:/usr/bin:/usr/local/cuda/bin:/opt/anaconda3/bin:/opt/anaconda3/condabin:/opt/jdk1.8.0_11/bin:/opt/jdk1.8.0_11/jre/bin:/usr/local/sbin:/usr/local/bin:/usr/sbin:/sbin:/bin:/usr/games:/usr/local/games:/snap/bin
10 verbose lifecycle @bizcharts/scaffold-monitor-linecharts@0.0.3~build: CWD: /opt/work/BizCharts/scaffolds/scaffold-monitor-linecharts
11 silly lifecycle @bizcharts/scaffold-monitor-linecharts@0.0.3~build: Args: [ '-c', 'ice build' ]
12 info lifecycle @bizcharts/scaffold-monitor-linecharts@0.0.3~build: Failed to exec build script
13 verbose stack Error: @bizcharts/scaffold-monitor-linecharts@0.0.3 build: `ice build`
13 verbose stack spawn ENOENT
13 verbose stack     at ChildProcess.<anonymous> (/usr/share/npm/lib/utils/spawn.js:17:16)
13 verbose stack     at emitTwo (events.js:126:13)
13 verbose stack     at ChildProcess.emit (events.js:214:7)
13 verbose stack     at maybeClose (internal/child_process.js:925:16)
13 verbose stack     at Process.ChildProcess._handle.onexit (internal/child_process.js:209:5)
14 verbose pkgid @bizcharts/scaffold-monitor-linecharts@0.0.3
15 verbose cwd /opt/work/BizCharts/scaffolds/scaffold-monitor-linecharts
16 error Linux 4.18.0-20-generic
17 error argv "/usr/bin/node" "/usr/bin/npm" "run" "build"
18 error node v8.10.0
19 error npm  v3.5.2
20 error file sh
21 error code ELIFECYCLE
22 error errno ENOENT
23 error syscall spawn
24 error @bizcharts/scaffold-monitor-linecharts@0.0.3 build: `ice build`
24 error spawn ENOENT
25 error Failed at the @bizcharts/scaffold-monitor-linecharts@0.0.3 build script 'ice build'.
25 error Make sure you have the latest version of node.js and npm installed.
25 error If you do, this is most likely a problem with the @bizcharts/scaffold-monitor-linecharts package,
25 error not with npm itself.
25 error Tell the author that this fails on your system:
25 error     ice build
25 error You can get information on how to open an issue for this project with:
25 error     npm bugs @bizcharts/scaffold-monitor-linecharts
25 error Or if that isn't available, you can get their info via:
25 error     npm owner ls @bizcharts/scaffold-monitor-linecharts
25 error There is likely additional logging output above.
26 verbose exit [ 1, true ]
